# JRE version: Java(TM) SE Runtime Environment (20.0.2+9) (build 20.0.2+9-78)
# Java VM: Java HotSpot(TM) 64-Bit Server VM (20.0.2+9-78, mixed mode, sharing, tiered, compressed oops, compressed class ptrs, g1 gc, windows-amd64)
GC Precious Log:
 CardTable entry size: 512
 Card Set container configuration: InlinePtr #cards 5 size 8 Array Of Cards #cards 12 size 40 Howl #buckets 4 coarsen threshold 1843 Howl Bitmap #cards 512 size 80 coarsen threshold 460 Card regions per heap region 1 cards per card region 2048
 CPUs: 4 total, 4 available
 Memory: 3534M
 Large Page Support: Disabled
 NUMA Support: Disabled
 Compressed Oops: Enabled (32-bit)
 Heap Region Size: 1M
 Heap Min Capacity: 8M
 Heap Initial Capacity: 56M
 Heap Max Capacity: 884M
 Pre-touch: Disabled
 Parallel Workers: 4
 Concurrent Workers: 1
 Concurrent Refinement Workers: 4
 Periodic GC: Disabled
Heap:
 garbage-first heap   total 57344K, used 35009K [0x00000000c8c00000, 0x0000000100000000)
  region size 1024K, 28 young (28672K), 2 survivors (2048K)
 Metaspace       used 14059K, committed 14272K, reserved 1114112K
  class space    used 1562K, committed 1664K, reserved 1048576K
GC Heap History (6 events):
Event: 2.119 GC heap before
{Heap before GC invocations=0 (full 0):
 garbage-first heap   total 57344K, used 15360K [0x00000000c8c00000, 0x0000000100000000)
  region size 1024K, 13 young (13312K), 0 survivors (0K)
 Metaspace       used 11462K, committed 11712K, reserved 1114112K
  class space    used 1339K, committed 1472K, reserved 1048576K
}
Event: 2.130 GC heap after
{Heap after GC invocations=1 (full 0):
 garbage-first heap   total 57344K, used 4836K [0x00000000c8c00000, 0x0000000100000000)
  region size 1024K, 2 young (2048K), 2 survivors (2048K)
 Metaspace       used 11462K, committed 11712K, reserved 1114112K
  class space    used 1339K, committed 1472K, reserved 1048576K
}
Event: 4.935 GC heap before
{Heap before GC invocations=1 (full 0):
 garbage-first heap   total 57344K, used 22244K [0x00000000c8c00000, 0x0000000100000000)
  region size 1024K, 15 young (15360K), 2 survivors (2048K)
 Metaspace       used 13373K, committed 13568K, reserved 1114112K
  class space    used 1478K, committed 1536K, reserved 1048576K
}
Event: 4.944 GC heap after
{Heap after GC invocations=2 (full 0):
 garbage-first heap   total 57344K, used 10285K [0x00000000c8c00000, 0x0000000100000000)
  region size 1024K, 2 young (2048K), 2 survivors (2048K)
 Metaspace       used 13373K, committed 13568K, reserved 1114112K
  class space    used 1478K, committed 1536K, reserved 1048576K
}
Event: 8.173 GC heap before
{Heap before GC invocations=2 (full 0):
 garbage-first heap   total 57344K, used 31789K [0x00000000c8c00000, 0x0000000100000000)
  region size 1024K, 22 young (22528K), 2 survivors (2048K)
 Metaspace       used 13864K, committed 14080K, reserved 1114112K
  class space    used 1554K, committed 1664K, reserved 1048576K
}
Event: 8.176 GC heap after
{Heap after GC invocations=3 (full 0):
 garbage-first heap   total 57344K, used 10433K [0x00000000c8c00000, 0x0000000100000000)
  region size 1024K, 2 young (2048K), 2 survivors (2048K)
 Metaspace       used 13864K, committed 14080K, reserved 1114112K
  class space    used 1554K, committed 1664K, reserved 1048576K
}

