# JRE version: Java(TM) SE Runtime Environment (20.0.2+9) (build 20.0.2+9-78)
# Java VM: Java HotSpot(TM) 64-Bit Server VM (20.0.2+9-78, mixed mode, sharing, tiered, compressed oops, compressed class ptrs, g1 gc, windows-amd64)
GC Precious Log:
 CardTable entry size: 512
 Card Set container configuration: InlinePtr #cards 5 size 8 Array Of Cards #cards 12 size 40 Howl #buckets 4 coarsen threshold 1843 Howl Bitmap #cards 512 size 80 coarsen threshold 460 Card regions per heap region 1 cards per card region 2048
 CPUs: 4 total, 4 available
 Memory: 3534M
 Large Page Support: Disabled
 NUMA Support: Disabled
 Compressed Oops: Enabled (32-bit)
 Heap Region Size: 1M
 Heap Min Capacity: 8M
 Heap Initial Capacity: 56M
 Heap Max Capacity: 884M
 Pre-touch: Disabled
 Parallel Workers: 4
 Concurrent Workers: 1
 Concurrent Refinement Workers: 4
 Periodic GC: Disabled
Heap:
 garbage-first heap   total 57344K, used 11633K [0x00000000c8c00000, 0x0000000100000000)
  region size 1024K, 4 young (4096K), 2 survivors (2048K)
 Metaspace       used 14430K, committed 14720K, reserved 1114112K
  class space    used 1555K, committed 1664K, reserved 1048576K
GC Heap History (20 events):
Event: 7.268 GC heap before
{Heap before GC invocations=1 (full 0):
 garbage-first heap   total 57344K, used 22176K [0x00000000c8c00000, 0x0000000100000000)
  region size 1024K, 15 young (15360K), 2 survivors (2048K)
 Metaspace       used 13357K, committed 13568K, reserved 1114112K
  class space    used 1476K, committed 1536K, reserved 1048576K
}
Event: 7.274 GC heap after
{Heap after GC invocations=2 (full 0):
 garbage-first heap   total 57344K, used 10432K [0x00000000c8c00000, 0x0000000100000000)
  region size 1024K, 2 young (2048K), 2 survivors (2048K)
 Metaspace       used 13357K, committed 13568K, reserved 1114112K
  class space    used 1476K, committed 1536K, reserved 1048576K
}
Event: 10.604 GC heap before
{Heap before GC invocations=2 (full 0):
 garbage-first heap   total 57344K, used 32960K [0x00000000c8c00000, 0x0000000100000000)
  region size 1024K, 23 young (23552K), 2 survivors (2048K)
 Metaspace       used 13860K, committed 14080K, reserved 1114112K
  class space    used 1543K, committed 1600K, reserved 1048576K
}
Event: 10.607 GC heap after
{Heap after GC invocations=3 (full 0):
 garbage-first heap   total 57344K, used 10534K [0x00000000c8c00000, 0x0000000100000000)
  region size 1024K, 2 young (2048K), 2 survivors (2048K)
 Metaspace       used 13860K, committed 14080K, reserved 1114112K
  class space    used 1543K, committed 1600K, reserved 1048576K
}
Event: 15.200 GC heap before
{Heap before GC invocations=3 (full 0):
 garbage-first heap   total 57344K, used 42278K [0x00000000c8c00000, 0x0000000100000000)
  region size 1024K, 33 young (33792K), 2 survivors (2048K)
 Metaspace       used 13994K, committed 14272K, reserved 1114112K
  class space    used 1553K, committed 1664K, reserved 1048576K
}
Event: 15.203 GC heap after
{Heap after GC invocations=4 (full 0):
 garbage-first heap   total 57344K, used 10621K [0x00000000c8c00000, 0x0000000100000000)
  region size 1024K, 2 young (2048K), 2 survivors (2048K)
 Metaspace       used 13994K, committed 14272K, reserved 1114112K
  class space    used 1553K, committed 1664K, reserved 1048576K
}
Event: 17.920 GC heap before
{Heap before GC invocations=4 (full 0):
 garbage-first heap   total 57344K, used 42365K [0x00000000c8c00000, 0x0000000100000000)
  region size 1024K, 33 young (33792K), 2 survivors (2048K)
 Metaspace       used 14060K, committed 14336K, reserved 1114112K
  class space    used 1553K, committed 1664K, reserved 1048576K
}
Event: 17.924 GC heap after
{Heap after GC invocations=5 (full 0):
 garbage-first heap   total 57344K, used 10590K [0x00000000c8c00000, 0x0000000100000000)
  region size 1024K, 2 young (2048K), 2 survivors (2048K)
 Metaspace       used 14060K, committed 14336K, reserved 1114112K
  class space    used 1553K, committed 1664K, reserved 1048576K
}
Event: 21.392 GC heap before
{Heap before GC invocations=5 (full 0):
 garbage-first heap   total 57344K, used 43358K [0x00000000c8c00000, 0x0000000100000000)
  region size 1024K, 33 young (33792K), 2 survivors (2048K)
 Metaspace       used 14203K, committed 14464K, reserved 1114112K
  class space    used 1555K, committed 1664K, reserved 1048576K
}
Event: 21.395 GC heap after
{Heap after GC invocations=6 (full 0):
 garbage-first heap   total 57344K, used 10726K [0x00000000c8c00000, 0x0000000100000000)
  region size 1024K, 2 young (2048K), 2 survivors (2048K)
 Metaspace       used 14203K, committed 14464K, reserved 1114112K
  class space    used 1555K, committed 1664K, reserved 1048576K
}
Event: 24.385 GC heap before
{Heap before GC invocations=6 (full 0):
 garbage-first heap   total 57344K, used 42470K [0x00000000c8c00000, 0x0000000100000000)
  region size 1024K, 33 young (33792K), 2 survivors (2048K)
 Metaspace       used 14246K, committed 14528K, reserved 1114112K
  class space    used 1555K, committed 1664K, reserved 1048576K
}
Event: 24.387 GC heap after
{Heap after GC invocations=7 (full 0):
 garbage-first heap   total 57344K, used 10589K [0x00000000c8c00000, 0x0000000100000000)
  region size 1024K, 2 young (2048K), 2 survivors (2048K)
 Metaspace       used 14246K, committed 14528K, reserved 1114112K
  class space    used 1555K, committed 1664K, reserved 1048576K
}
Event: 27.105 GC heap before
{Heap before GC invocations=7 (full 0):
 garbage-first heap   total 57344K, used 42333K [0x00000000c8c00000, 0x0000000100000000)
  region size 1024K, 33 young (33792K), 2 survivors (2048K)
 Metaspace       used 14318K, committed 14592K, reserved 1114112K
  class space    used 1555K, committed 1664K, reserved 1048576K
}
Event: 27.108 GC heap after
{Heap after GC invocations=8 (full 0):
 garbage-first heap   total 57344K, used 10630K [0x00000000c8c00000, 0x0000000100000000)
  region size 1024K, 2 young (2048K), 2 survivors (2048K)
 Metaspace       used 14318K, committed 14592K, reserved 1114112K
  class space    used 1555K, committed 1664K, reserved 1048576K
}
Event: 30.775 GC heap before
{Heap before GC invocations=8 (full 0):
 garbage-first heap   total 57344K, used 42374K [0x00000000c8c00000, 0x0000000100000000)
  region size 1024K, 33 young (33792K), 2 survivors (2048K)
 Metaspace       used 14333K, committed 14592K, reserved 1114112K
  class space    used 1555K, committed 1664K, reserved 1048576K
}
Event: 30.778 GC heap after
{Heap after GC invocations=9 (full 0):
 garbage-first heap   total 57344K, used 10658K [0x00000000c8c00000, 0x0000000100000000)
  region size 1024K, 2 young (2048K), 2 survivors (2048K)
 Metaspace       used 14333K, committed 14592K, reserved 1114112K
  class space    used 1555K, committed 1664K, reserved 1048576K
}
Event: 33.970 GC heap before
{Heap before GC invocations=9 (full 0):
 garbage-first heap   total 57344K, used 42402K [0x00000000c8c00000, 0x0000000100000000)
  region size 1024K, 33 young (33792K), 2 survivors (2048K)
 Metaspace       used 14421K, committed 14720K, reserved 1114112K
  class space    used 1555K, committed 1664K, reserved 1048576K
}
Event: 33.972 GC heap after
{Heap after GC invocations=10 (full 0):
 garbage-first heap   total 57344K, used 10632K [0x00000000c8c00000, 0x0000000100000000)
  region size 1024K, 2 young (2048K), 2 survivors (2048K)
 Metaspace       used 14421K, committed 14720K, reserved 1114112K
  class space    used 1555K, committed 1664K, reserved 1048576K
}
Event: 38.322 GC heap before
{Heap before GC invocations=10 (full 0):
 garbage-first heap   total 57344K, used 43400K [0x00000000c8c00000, 0x0000000100000000)
  region size 1024K, 33 young (33792K), 2 survivors (2048K)
 Metaspace       used 14430K, committed 14720K, reserved 1114112K
  class space    used 1555K, committed 1664K, reserved 1048576K
}
Event: 38.325 GC heap after
{Heap after GC invocations=11 (full 0):
 garbage-first heap   total 57344K, used 10609K [0x00000000c8c00000, 0x0000000100000000)
  region size 1024K, 2 young (2048K), 2 survivors (2048K)
 Metaspace       used 14430K, committed 14720K, reserved 1114112K
  class space    used 1555K, committed 1664K, reserved 1048576K
}

